# JRE version: OpenJDK Runtime Environment Corretto-11.0.16.8.1 (11.0.16+8) (build 11.0.16+8-LTS)
# Java VM: OpenJDK 64-Bit Server VM Corretto-11.0.16.8.1 (11.0.16+8-LTS, mixed mode, tiered, compressed oops, g1 gc, windows-amd64)
Heap:
 garbage-first heap   total 233472K, used 111879K [0x0000000743800000, 0x0000000800000000)
  region size 1024K, 98 young (100352K), 10 survivors (10240K)
 Metaspace       used 69070K, capacity 70978K, committed 71088K, reserved 1112064K
  class space    used 8677K, capacity 9457K, committed 9472K, reserved 1048576K
GC Heap History (14 events):
Event: 0.940 GC heap before
{Heap before GC invocations=0 (full 0):
 garbage-first heap   total 194560K, used 24576K [0x0000000743800000, 0x0000000800000000)
  region size 1024K, 24 young (24576K), 0 survivors (0K)
 Metaspace       used 11701K, capacity 11980K, committed 12288K, reserved 1060864K
  class space    used 1112K, capacity 1184K, committed 1280K, reserved 1048576K
}
Event: 0.946 GC heap after
{Heap after GC invocations=1 (full 0):
 garbage-first heap   total 194560K, used 6638K [0x0000000743800000, 0x0000000800000000)
  region size 1024K, 3 young (3072K), 3 survivors (3072K)
 Metaspace       used 11701K, capacity 11980K, committed 12288K, reserved 1060864K
  class space    used 1112K, capacity 1184K, committed 1280K, reserved 1048576K
}
Event: 1.879 GC heap before
{Heap before GC invocations=1 (full 0):
 garbage-first heap   total 194560K, used 51694K [0x0000000743800000, 0x0000000800000000)
  region size 1024K, 48 young (49152K), 3 survivors (3072K)
 Metaspace       used 20663K, capacity 21173K, committed 21296K, reserved 1069056K
  class space    used 2196K, capacity 2413K, committed 2432K, reserved 1048576K
}
Event: 1.890 GC heap after
{Heap after GC invocations=2 (full 0):
 garbage-first heap   total 194560K, used 8735K [0x0000000743800000, 0x0000000800000000)
  region size 1024K, 6 young (6144K), 6 survivors (6144K)
 Metaspace       used 20663K, capacity 21173K, committed 21296K, reserved 1069056K
  class space    used 2196K, capacity 2413K, committed 2432K, reserved 1048576K
}
Event: 2.555 GC heap before
{Heap before GC invocations=3 (full 0):
 garbage-first heap   total 194560K, used 53791K [0x0000000743800000, 0x0000000800000000)
  region size 1024K, 51 young (52224K), 6 survivors (6144K)
 Metaspace       used 25943K, capacity 26628K, committed 26928K, reserved 1073152K
  class space    used 2860K, capacity 3100K, committed 3200K, reserved 1048576K
}
Event: 2.562 GC heap after
{Heap after GC invocations=4 (full 0):
 garbage-first heap   total 194560K, used 10757K [0x0000000743800000, 0x0000000800000000)
  region size 1024K, 5 young (5120K), 5 survivors (5120K)
 Metaspace       used 25943K, capacity 26628K, committed 26928K, reserved 1073152K
  class space    used 2860K, capacity 3100K, committed 3200K, reserved 1048576K
}
Event: 3.934 GC heap before
{Heap before GC invocations=4 (full 0):
 garbage-first heap   total 194560K, used 79365K [0x0000000743800000, 0x0000000800000000)
  region size 1024K, 72 young (73728K), 5 survivors (5120K)
 Metaspace       used 32408K, capacity 33318K, committed 33456K, reserved 1079296K
  class space    used 3711K, capacity 4055K, committed 4096K, reserved 1048576K
}
Event: 3.943 GC heap after
{Heap after GC invocations=5 (full 0):
 garbage-first heap   total 194560K, used 13492K [0x0000000743800000, 0x0000000800000000)
  region size 1024K, 7 young (7168K), 7 survivors (7168K)
 Metaspace       used 32408K, capacity 33318K, committed 33456K, reserved 1079296K
  class space    used 3711K, capacity 4055K, committed 4096K, reserved 1048576K
}
Event: 4.693 GC heap before
{Heap before GC invocations=5 (full 0):
 garbage-first heap   total 194560K, used 28852K [0x0000000743800000, 0x0000000800000000)
  region size 1024K, 23 young (23552K), 7 survivors (7168K)
 Metaspace       used 34775K, capacity 35812K, committed 35888K, reserved 1081344K
  class space    used 4039K, capacity 4443K, committed 4480K, reserved 1048576K
}
Event: 4.709 GC heap after
{Heap after GC invocations=6 (full 0):
 garbage-first heap   total 233472K, used 14694K [0x0000000743800000, 0x0000000800000000)
  region size 1024K, 8 young (8192K), 8 survivors (8192K)
 Metaspace       used 34775K, capacity 35812K, committed 35888K, reserved 1081344K
  class space    used 4039K, capacity 4443K, committed 4480K, reserved 1048576K
}
Event: 7.983 GC heap before
{Heap before GC invocations=7 (full 0):
 garbage-first heap   total 233472K, used 140646K [0x0000000743800000, 0x0000000800000000)
  region size 1024K, 131 young (134144K), 8 survivors (8192K)
 Metaspace       used 57242K, capacity 58714K, committed 58928K, reserved 1099776K
  class space    used 7148K, capacity 7747K, committed 7808K, reserved 1048576K
}
Event: 8.016 GC heap after
{Heap after GC invocations=8 (full 0):
 garbage-first heap   total 233472K, used 21832K [0x0000000743800000, 0x0000000800000000)
  region size 1024K, 15 young (15360K), 15 survivors (15360K)
 Metaspace       used 57242K, capacity 58714K, committed 58928K, reserved 1099776K
  class space    used 7148K, capacity 7747K, committed 7808K, reserved 1048576K
}
Event: 8.332 GC heap before
{Heap before GC invocations=8 (full 0):
 garbage-first heap   total 233472K, used 34120K [0x0000000743800000, 0x0000000800000000)
  region size 1024K, 28 young (28672K), 15 survivors (15360K)
 Metaspace       used 58603K, capacity 60163K, committed 60240K, reserved 1101824K
  class space    used 7363K, capacity 8017K, committed 8064K, reserved 1048576K
}
Event: 8.361 GC heap after
{Heap after GC invocations=9 (full 0):
 garbage-first heap   total 233472K, used 22791K [0x0000000743800000, 0x0000000800000000)
  region size 1024K, 10 young (10240K), 10 survivors (10240K)
 Metaspace       used 58603K, capacity 60163K, committed 60240K, reserved 1101824K
  class space    used 7363K, capacity 8017K, committed 8064K, reserved 1048576K
}

